<?xml version="1.0" encoding="UTF-8"?>
<!-- Generated by org.testng.reporters.JUnitReportReporter -->
<testsuite skipped="0" hostname="W0472501MSMXT" name="com.w2a.testcases.BankManagerLoginTest" tests="1" failures="0" timestamp="2019-12-06T21:04:50 IST" time="3.083" errors="0">
  <testcase name="loginAsBankManager" time="3.083" classname="com.w2a.testcases.BankManagerLoginTest"/>
</testsuite> <!-- com.w2a.testcases.BankManagerLoginTest -->
